<?xml version="1.0" encoding="utf-8"?><testsuites name="pytest tests"><testsuite name="pytest" errors="0" failures="0" skipped="1" tests="10" time="13.352" timestamp="2026-09-16T18:42:55.023077+00:00" hostname="agent-env-727555b6-fee6-4da5-9297-af2ce257f227"><testcase classname="tests.test_review_iter9.TestLeagues" name="test_leagues_includes_new_cups" time="0.402" /><testcase classname="tests.test_review_iter9.TestLeagues" name="test_greekcup_apifootball_id_is_199" time="0.042" /><testcase classname="tests.test_review_iter9.TestValueMatches" name="test_value_matches_has_olympiacos_uel" time="2.845"><skipped type="pytest.skip" message="Olympiacos vs Jagiellonia not in current value-matches window">/app/backend/tests/test_review_iter9.py:61: Olympiacos vs Jagiellonia not in current value-matches window</skipped></testcase><testcase classname="tests.test_review_iter9.TestValueMatches" name="test_max_per_league_is_14" time="0.001" /><testcase classname="tests.test_review_iter9.TestTeamsAndPlayers" name="test_teams_epl" time="0.255" /><testcase classname="tests.test_review_iter9.TestTeamsAndPlayers" name="test_teams_new_cup_slug" time="0.238" /><testcase classname="tests.test_review_iter9.TestTeamsAndPlayers" name="test_team_players_and_player_stats" time="1.227" /><testcase classname="tests.test_review_iter9.TestCompareAI" name="test_missing_sides_returns_400" time="0.235" /><testcase classname="tests.test_review_iter9.TestCompareAI" name="test_teams_returns_text" time="3.986" /><testcase classname="tests.test_review_iter9.TestCompareAI" name="test_players_returns_text" time="3.555" /></testsuite></testsuites>