<?xml version="1.0" encoding="utf-8"?><testsuites name="pytest tests"><testsuite name="pytest" errors="0" failures="0" skipped="0" tests="13" time="13.276" timestamp="2026-09-01T16:49:08.182783+00:00" hostname="agent-env-727555b6-fee6-4da5-9297-af2ce257f227"><testcase classname="tests.test_dev_login_tokens" name="test_auth_me_plan_state[free]" time="1.168" /><testcase classname="tests.test_dev_login_tokens" name="test_auth_me_plan_state[trial]" time="1.368" /><testcase classname="tests.test_dev_login_tokens" name="test_auth_me_plan_state[monthly]" time="0.781" /><testcase classname="tests.test_dev_login_tokens" name="test_auth_me_plan_state[annual]" time="0.781" /><testcase classname="tests.test_dev_login_tokens" name="test_trial_days_left_about_seven" time="1.248" /><testcase classname="tests.test_dev_login_tokens" name="test_free_user_status" time="0.795" /><testcase classname="tests.test_dev_login_tokens" name="test_entitlements_role[free]" time="0.561" /><testcase classname="tests.test_dev_login_tokens" name="test_entitlements_role[trial]" time="0.548" /><testcase classname="tests.test_dev_login_tokens" name="test_entitlements_role[monthly]" time="0.550" /><testcase classname="tests.test_dev_login_tokens" name="test_entitlements_role[annual]" time="0.548" /><testcase classname="tests.test_dev_login_tokens" name="test_me_requires_token" time="0.180" /><testcase classname="tests.test_dev_login_tokens" name="test_me_rejects_bad_token" time="0.376" /><testcase classname="tests.test_dev_login_tokens" name="test_portfolio_get_and_put" time="4.302" /></testsuite></testsuites>