<?xml version="1.0" encoding="utf-8"?><testsuites name="pytest tests"><testsuite name="pytest" errors="0" failures="0" skipped="0" tests="25" time="5.914" timestamp="2026-09-01T17:44:18.420815+00:00" hostname="agent-env-727555b6-fee6-4da5-9297-af2ce257f227"><testcase classname="tests.test_mock_fallback" name="test_leagues_catalog" time="0.378" /><testcase classname="tests.test_mock_fallback" name="test_teams_epl_returns_20" time="0.359" /><testcase classname="tests.test_mock_fallback" name="test_teams_non_empty_all_leagues[epl]" time="0.080" /><testcase classname="tests.test_mock_fallback" name="test_teams_non_empty_all_leagues[laliga]" time="0.294" /><testcase classname="tests.test_mock_fallback" name="test_teams_non_empty_all_leagues[seriea]" time="0.285" /><testcase classname="tests.test_mock_fallback" name="test_teams_non_empty_all_leagues[bundesliga]" time="0.280" /><testcase classname="tests.test_mock_fallback" name="test_teams_non_empty_all_leagues[ligue1]" time="0.271" /><testcase classname="tests.test_mock_fallback" name="test_teams_non_empty_all_leagues[eredivisie]" time="0.301" /><testcase classname="tests.test_mock_fallback" name="test_teams_non_empty_all_leagues[primeira]" time="0.293" /><testcase classname="tests.test_mock_fallback" name="test_teams_non_empty_all_leagues[championship]" time="0.301" /><testcase classname="tests.test_mock_fallback" name="test_teams_non_empty_all_leagues[superleague]" time="0.280" /><testcase classname="tests.test_mock_fallback" name="test_teams_non_empty_all_leagues[denmark]" time="0.311" /><testcase classname="tests.test_mock_fallback" name="test_teams_non_empty_all_leagues[scotland]" time="0.273" /><testcase classname="tests.test_mock_fallback" name="test_teams_non_empty_all_leagues[nba]" time="0.527" /><testcase classname="tests.test_mock_fallback" name="test_teams_non_empty_all_leagues[euroleague]" time="0.470" /><testcase classname="tests.test_mock_fallback" name="test_teams_invalid_league" time="0.070" /><testcase classname="tests.test_mock_fallback" name="test_teams_limit" time="0.071" /><testcase classname="tests.test_mock_fallback" name="test_league_detail_seriea_populated" time="0.298" /><testcase classname="tests.test_mock_fallback" name="test_league_detail_nba_basketball" time="0.074" /><testcase classname="tests.test_mock_fallback" name="test_league_detail_404" time="0.070" /><testcase classname="tests.test_mock_fallback" name="test_players_mock_team_22" time="0.151" /><testcase classname="tests.test_mock_fallback" name="test_players_other_league_team" time="0.084" /><testcase classname="tests.test_mock_fallback" name="test_team_detail_mock_id" time="0.081" /><testcase classname="tests.test_mock_fallback" name="test_team_detail_unknown" time="0.108" /><testcase classname="tests.test_mock_fallback" name="test_teams_top" time="0.085" /></testsuite></testsuites>