<?xml version="1.0" encoding="utf-8"?><testsuites name="pytest tests"><testsuite name="pytest" errors="0" failures="0" skipped="0" tests="10" time="1.851" timestamp="2026-07-25T19:40:51.778413+00:00" hostname="agent-env-727555b6-fee6-4da5-9297-af2ce257f227"><testcase classname="backend.tests.test_moka_regression" name="test_health" time="0.228" /><testcase classname="backend.tests.test_moka_regression" name="test_billing_packages" time="0.048" /><testcase classname="backend.tests.test_moka_regression" name="test_value_matches" time="0.048" /><testcase classname="backend.tests.test_moka_regression" name="test_teams_list_and_detail_and_players" time="0.133" /><testcase classname="backend.tests.test_moka_regression" name="test_auth_me_trial" time="0.044" /><testcase classname="backend.tests.test_moka_regression" name="test_entitlements_trial" time="0.046" /><testcase classname="backend.tests.test_moka_regression" name="test_auth_me_expired" time="0.045" /><testcase classname="backend.tests.test_moka_regression" name="test_entitlements_expired" time="0.043" /><testcase classname="backend.tests.test_moka_regression" name="test_billing_checkout" time="0.656" /><testcase classname="backend.tests.test_moka_regression" name="test_billing_checkout_monthly" time="0.469" /></testsuite></testsuites>