<?xml version="1.0" encoding="utf-8"?><testsuites name="pytest tests"><testsuite name="pytest" errors="0" failures="1" skipped="0" tests="9" time="1.750" timestamp="2026-07-25T19:37:46.541965+00:00" hostname="agent-env-727555b6-fee6-4da5-9297-af2ce257f227"><testcase classname="backend.tests.test_moka_regression" name="test_health" time="0.159" /><testcase classname="backend.tests.test_moka_regression" name="test_billing_packages" time="0.052" /><testcase classname="backend.tests.test_moka_regression" name="test_value_matches" time="0.056" /><testcase classname="backend.tests.test_moka_regression" name="test_teams_list_and_detail_and_players" time="0.135" /><testcase classname="backend.tests.test_moka_regression" name="test_auth_me_trial" time="0.051" /><testcase classname="backend.tests.test_moka_regression" name="test_entitlements_trial" time="0.046" /><testcase classname="backend.tests.test_moka_regression" name="test_auth_me_expired" time="0.054" /><testcase classname="backend.tests.test_moka_regression" name="test_entitlements_expired" time="0.045" /><testcase classname="backend.tests.test_moka_regression" name="test_billing_checkout" time="1.069"><failure message="AssertionError: Internal Server Error&#10;assert 500 in (200, 201)&#10; +  where 500 = &lt;Response [500]&gt;.status_code">E   AssertionError: Internal Server Error
    assert 500 in (200, 201)
     +  where 500 = &lt;Response [500]&gt;.status_code</failure></testcase></testsuite></testsuites>