<?xml version="1.0" encoding="utf-8"?><testsuites name="pytest tests"><testsuite name="pytest" errors="0" failures="0" skipped="0" tests="19" time="2.828" timestamp="2026-06-25T11:29:52.993364+00:00" hostname="agent-env-727555b6-fee6-4da5-9297-af2ce257f227"><testcase classname="tests.backend_test" name="test_health" time="0.156" /><testcase classname="tests.backend_test.TestAuth" name="test_register_creates_trial" time="0.277" /><testcase classname="tests.backend_test.TestAuth" name="test_register_duplicate_email_400" time="0.048" /><testcase classname="tests.backend_test.TestAuth" name="test_login_success" time="0.270" /><testcase classname="tests.backend_test.TestAuth" name="test_login_invalid" time="0.046" /><testcase classname="tests.backend_test.TestAuth" name="test_me_returns_subscription" time="0.051" /><testcase classname="tests.backend_test.TestAuth" name="test_me_unauthorized" time="0.045" /><testcase classname="tests.backend_test.TestSubscription" name="test_plans" time="0.051" /><testcase classname="tests.backend_test.TestSubscription" name="test_activate_yearly_then_idempotent" time="0.098" /><testcase classname="tests.backend_test.TestSports" name="test_leagues_for_trial" time="0.054" /><testcase classname="tests.backend_test.TestSports" name="test_leagues_for_free" time="0.320" /><testcase classname="tests.backend_test.TestSports" name="test_matches_soccer_epl" time="0.256" /><testcase classname="tests.backend_test.TestSports" name="test_matches_locked_for_free" time="0.046" /><testcase classname="tests.backend_test.TestSports" name="test_odds_pro" time="0.172" /><testcase classname="tests.backend_test.TestSports" name="test_odds_blocked_for_free" time="0.060" /><testcase classname="tests.backend_test.TestSports" name="test_teams" time="0.054" /><testcase classname="tests.backend_test.TestSports" name="test_players_pro_full_roster" time="0.048" /><testcase classname="tests.backend_test.TestSports" name="test_players_free_partial" time="0.051" /><testcase classname="tests.backend_test.TestMatchChart" name="test_full_chart_crud" time="0.566" /></testsuite></testsuites>